c:\users\tom\desktop\edurend17v1_handout\obj\x86\release\vc140.pdb
c:\users\tom\desktop\edurend17v1_handout\obj\x86\release\vec.obj
c:\users\tom\desktop\edurend17v1_handout\obj\x86\release\mat.obj
c:\users\tom\desktop\edurend17v1_handout\obj\x86\release\main.obj
c:\users\tom\desktop\edurend17v1_handout\obj\x86\release\mesh.obj
c:\users\tom\desktop\edurend17v1_handout\obj\x86\release\light.obj
c:\users\tom\desktop\edurend17v1_handout\obj\x86\release\inputhandler.obj
c:\users\tom\desktop\edurend17v1_handout\obj\x86\release\geometry.obj
c:\users\toman\onedrive\dokument\skola år 2\modellering och rendering\edurend17v1_handout\obj\x86\release\vc140.pdb
c:\users\toman\onedrive\dokument\skola år 2\modellering och rendering\edurend17v1_handout\obj\x86\release\vec.obj
c:\users\toman\onedrive\dokument\skola år 2\modellering och rendering\edurend17v1_handout\obj\x86\release\mat.obj
c:\users\toman\onedrive\dokument\skola år 2\modellering och rendering\edurend17v1_handout\obj\x86\release\main.obj
c:\users\toman\onedrive\dokument\skola år 2\modellering och rendering\edurend17v1_handout\obj\x86\release\mesh.obj
c:\users\toman\onedrive\dokument\skola år 2\modellering och rendering\edurend17v1_handout\obj\x86\release\light.obj
c:\users\toman\onedrive\dokument\skola år 2\modellering och rendering\edurend17v1_handout\obj\x86\release\inputhandler.obj
c:\users\toman\onedrive\dokument\skola år 2\modellering och rendering\edurend17v1_handout\obj\x86\release\geometry.obj
c:\users\tom\desktop\edurend17v1_handout\bin\x86\shadow.cso
c:\users\toman\onedrive\dokument\skola år 2\modellering och rendering\edurend17v1_handout\bin\x86\shadow.cso
c:\users\tom\desktop\edurend17v1_handout\bin\x86\edurend.exe
c:\users\tom\desktop\edurend17v1_handout\bin\x86\edurend.ipdb
c:\users\tom\desktop\edurend17v1_handout\bin\x86\edurend.iobj
c:\users\tom\desktop\edurend17v1_handout\bin\x86\edurend.pdb
c:\users\toman\onedrive\dokument\skola år 2\modellering och rendering\edurend17v1_handout\bin\x86\edurend.exe
c:\users\toman\onedrive\dokument\skola år 2\modellering och rendering\edurend17v1_handout\bin\x86\edurend.ipdb
c:\users\toman\onedrive\dokument\skola år 2\modellering och rendering\edurend17v1_handout\bin\x86\edurend.iobj
c:\users\toman\onedrive\dokument\skola år 2\modellering och rendering\edurend17v1_handout\bin\x86\edurend.pdb
c:\users\toman\onedrive\dokument\skola år 2\modellering och rendering\edurend17v1_handout\source\../bin/x86/edurend.pdb
c:\users\toman\onedrive\dokument\skola år 2\modellering och rendering\edurend17v1_handout\source\../bin/x86/edurend.exe
c:\users\toman\onedrive\dokument\skola år 2\modellering och rendering\edurend17v1_handout\obj\x86\release\edurend.tlog\cl.command.1.tlog
c:\users\toman\onedrive\dokument\skola år 2\modellering och rendering\edurend17v1_handout\obj\x86\release\edurend.tlog\cl.read.1.tlog
c:\users\toman\onedrive\dokument\skola år 2\modellering och rendering\edurend17v1_handout\obj\x86\release\edurend.tlog\cl.write.1.tlog
c:\users\toman\onedrive\dokument\skola år 2\modellering och rendering\edurend17v1_handout\obj\x86\release\edurend.tlog\edurend.write.1u.tlog
c:\users\toman\onedrive\dokument\skola år 2\modellering och rendering\edurend17v1_handout\obj\x86\release\edurend.tlog\fxc.command.1.tlog
c:\users\toman\onedrive\dokument\skola år 2\modellering och rendering\edurend17v1_handout\obj\x86\release\edurend.tlog\fxc.read.1.tlog
c:\users\toman\onedrive\dokument\skola år 2\modellering och rendering\edurend17v1_handout\obj\x86\release\edurend.tlog\fxc.write.1.tlog
c:\users\toman\onedrive\dokument\skola år 2\modellering och rendering\edurend17v1_handout\obj\x86\release\edurend.tlog\link.command.1.tlog
c:\users\toman\onedrive\dokument\skola år 2\modellering och rendering\edurend17v1_handout\obj\x86\release\edurend.tlog\link.read.1.tlog
c:\users\toman\onedrive\dokument\skola år 2\modellering och rendering\edurend17v1_handout\obj\x86\release\edurend.tlog\link.write.1.tlog
