  Main.cpp
  c:\program files (x86)\windows kits\8.1\include\um\dinput.h: DIRECTINPUT_VERSION undefined. Defaulting to version 0x0800
c:\users\tom\onedrive\dokument\skola år 2\modellering och rendering\edurend17v1_handout\source\vec\math.h(48): warning C4244: 'return': conversion from 'int' to 'float', possible loss of data
c:\users\tom\onedrive\dokument\skola år 2\modellering och rendering\edurend17v1_handout\source\mesh.h(67): warning C4018: '<': signed/unsigned mismatch
c:\users\tom\onedrive\dokument\skola år 2\modellering och rendering\edurend17v1_handout\source\mesh.h(70): warning C4018: '<': signed/unsigned mismatch
c:\users\tom\onedrive\dokument\skola år 2\modellering och rendering\edurend17v1_handout\source\main.cpp(341): warning C4305: 'argument': truncation from 'double' to 'const float'
c:\users\tom\onedrive\dokument\skola år 2\modellering och rendering\edurend17v1_handout\source\main.cpp(415): warning C4996: 'freopen': This function or variable may be unsafe. Consider using freopen_s instead. To disable deprecation, use _CRT_SECURE_NO_WARNINGS. See online help for details.
  c:\program files (x86)\windows kits\10\include\10.0.10240.0\ucrt\stdio.h(240): note: see declaration of 'freopen'
c:\users\tom\onedrive\dokument\skola år 2\modellering och rendering\edurend17v1_handout\source\main.cpp(416): warning C4996: 'freopen': This function or variable may be unsafe. Consider using freopen_s instead. To disable deprecation, use _CRT_SECURE_NO_WARNINGS. See online help for details.
  c:\program files (x86)\windows kits\10\include\10.0.10240.0\ucrt\stdio.h(240): note: see declaration of 'freopen'
c:\users\tom\onedrive\dokument\skola år 2\modellering och rendering\edurend17v1_handout\source\main.cpp(417): warning C4996: 'freopen': This function or variable may be unsafe. Consider using freopen_s instead. To disable deprecation, use _CRT_SECURE_NO_WARNINGS. See online help for details.
  c:\program files (x86)\windows kits\10\include\10.0.10240.0\ucrt\stdio.h(240): note: see declaration of 'freopen'
c:\users\tom\onedrive\dokument\skola år 2\modellering och rendering\edurend17v1_handout\source\main.cpp(1047): warning C4244: '=': conversion from 'int' to 'FLOAT', possible loss of data
c:\users\tom\onedrive\dokument\skola år 2\modellering och rendering\edurend17v1_handout\source\main.cpp(1048): warning C4244: '=': conversion from 'int' to 'FLOAT', possible loss of data
c:\users\tom\onedrive\dokument\skola år 2\modellering och rendering\edurend17v1_handout\source\vec\mat.h(527): warning C4244: 'initializing': conversion from 'double' to 'float', possible loss of data
  c:\users\tom\onedrive\dokument\skola år 2\modellering och rendering\edurend17v1_handout\source\vec\mat.h(524): note: while compiling class template member function 'linalg::mat4<float> linalg::mat4<float>::rotation(const T &,const T &,const T &,const T &)'
          with
          [
              T=float
          ]
  c:\users\tom\onedrive\dokument\skola år 2\modellering och rendering\edurend17v1_handout\source\shadowlight.h(46): note: see reference to function template instantiation 'linalg::mat4<float> linalg::mat4<float>::rotation(const T &,const T &,const T &,const T &)' being compiled
          with
          [
              T=float
          ]
  c:\users\tom\onedrive\dokument\skola år 2\modellering och rendering\edurend17v1_handout\source\vec\mat.h(666): note: see reference to class template instantiation 'linalg::mat4<float>' being compiled
c:\users\tom\onedrive\dokument\skola år 2\modellering och rendering\edurend17v1_handout\source\vec\vec.h(479): warning C4244: 'argument': conversion from 'double' to 'const float', possible loss of data
  c:\users\tom\onedrive\dokument\skola år 2\modellering och rendering\edurend17v1_handout\source\mesh.h(57): note: see reference to function template instantiation 'linalg::vec3<float> linalg::normalize<float>(const linalg::vec3<float> &)' being compiled
  Template.vcxproj -> C:\Users\Tom\OneDrive\Dokument\Skola år 2\Modellering och rendering\eduRend17v1_handout\source\../Bin/x86/eduRendD.exe
  Template.vcxproj -> C:\Users\Tom\OneDrive\Dokument\Skola år 2\Modellering och rendering\eduRend17v1_handout\source\../Bin/x86/eduRendD.pdb (Full PDB)
